{"file":"/Users/caichuanwang/Documents/GitHub/bookManagerSystem/api/controller/bookList.go:32","func":"bookManagerSystem/api/controller.QueryBookListOptions","level":"info","msg":"test","time":"2022-05-26 22:20:34"}
{"file":"/Users/caichuanwang/Documents/GitHub/bookManagerSystem/api/controller/bookList.go:32","func":"bookManagerSystem/api/controller.QueryBookListOptions","level":"info","msg":"test","time":"2022-05-26 22:22:52"}
{"file":"/Users/caichuanwang/Documents/GitHub/bookManagerSystem/api/controller/bookList.go:32","func":"bookManagerSystem/api/controller.QueryBookListOptions","level":"info","msg":"test","time":"2022-05-26 22:23:10"}
{"file":"/Users/caichuanwang/Documents/GitHub/bookManagerSystem/api/controller/bookList.go:37","func":"bookManagerSystem/api/controller.QueryBookListOptions","level":"info","msg":"test","time":"2022-05-26 22:23:52"}
{"file":"/Users/caichuanwang/Documents/GitHub/bookManagerSystem/api/controller/bookList.go:37","func":"bookManagerSystem/api/controller.QueryBookListOptions","level":"info","msg":"test","time":"2022-05-26 22:32:56"}
{"file":"/Users/caichuanwang/Documents/GitHub/bookManagerSystem/api/controller/bookList.go:36","func":"bookManagerSystem/api/controller.QueryBookListOptions","level":"info","msg":"test","time":"2022-05-26 22:36:29"}
{"UserName":"admin","file":"/Users/caichuanwang/Documents/GitHub/bookManagerSystem/api/controller/bookList.go:35","func":"bookManagerSystem/api/controller.QueryBookListOptions","level":"info","msg":"test","time":"2022-05-26 22:42:03"}
{"UserName":"admin","file":"/Users/caichuanwang/Documents/GitHub/bookManagerSystem/api/controller/bookList.go:35","func":"bookManagerSystem/api/controller.QueryBookListOptions","level":"info","msg":"test","time":"2022-05-26 22:44:48"}
{"UserName":"admin","file":"/Users/caichuanwang/Documents/GitHub/bookManagerSystem/api/controller/bookList.go:36","func":"bookManagerSystem/api/controller.QueryBookListOptions","level":"fatal","msg":"test","time":"2022-05-26 22:44:48"}
{"UserName":"admin","file":"/Users/caichuanwang/Documents/GitHub/bookManagerSystem/api/controller/bookList.go:115","func":"bookManagerSystem/api/controller.QueryBookListList","level":"info","msg":"查询书单一次","time":"2022-05-26 23:03:49"}
{"UserName":"admin","file":"/Users/caichuanwang/Documents/GitHub/bookManagerSystem/api/controller/bookList.go:27","func":"bookManagerSystem/api/controller.CreateBookList","level":"info","msg":"创建书单会记录在log中的书单成功","time":"2022-05-26 23:04:20"}
{"UserName":"admin","file":"/Users/caichuanwang/Documents/GitHub/bookManagerSystem/api/controller/bookList.go:115","func":"bookManagerSystem/api/controller.QueryBookListList","level":"info","msg":"查询书单一次","time":"2022-05-26 23:04:20"}
{"UserName":"admin","file":"/Users/caichuanwang/Documents/GitHub/bookManagerSystem/api/controller/bookList.go:36","func":"bookManagerSystem/api/controller.QueryBookListOptions","level":"info","msg":"查询书单一次","time":"2022-05-26 23:04:53"}
{"UserName":"admin","file":"/Users/caichuanwang/Documents/GitHub/bookManagerSystem/api/controller/bookList.go:68","func":"bookManagerSystem/api/controller.SetBook2BookList","level":"info","msg":"添加书籍资治通鉴到书单成功","time":"2022-05-26 23:04:57"}
{"UserName":"admin","file":"/Users/caichuanwang/Documents/GitHub/bookManagerSystem/api/controller/bookList.go:72","func":"bookManagerSystem/api/controller.SetBook2BookList","level":"info","msg":"添加书籍宋词集合,元曲集合,会记录在log中的书单,到书单成功","time":"2022-05-26 23:18:42"}
{"UserName":"admin","file":"/Users/caichuanwang/Documents/GitHub/bookManagerSystem/api/controller/bookList.go:72","func":"bookManagerSystem/api/controller.SetBook2BookList","level":"info","msg":"添加书籍中国军事著作到书单唐诗,宋词集合,元曲集合,会记录在log中的书单,成功","time":"2022-05-26 23:24:24"}
{"UserName":"admin","file":"/Users/caichuanwang/Documents/GitHub/bookManagerSystem/api/controller/bookList.go:38","func":"bookManagerSystem/api/controller.QueryBookListOptions","level":"info","msg":"查询书单一次","time":"2022-05-26 23:25:28"}
{"UserName":"admin","file":"/Users/caichuanwang/Documents/GitHub/bookManagerSystem/api/controller/bookList.go:73","func":"bookManagerSystem/api/controller.SetBook2BookList","level":"info","msg":"添加书籍中国军事著作到书单冰心书籍,莫言的书,元曲集合,会记录在log中的书单成功","time":"2022-05-26 23:25:42"}
{"UserName":"admin","file":"/Users/caichuanwang/Documents/GitHub/bookManagerSystem/api/controller/bookList.go:38","func":"bookManagerSystem/api/controller.QueryBookListOptions","level":"info","msg":"查询书单一次","time":"2022-05-26 23:32:56"}
{"UserName":"admin","file":"/Users/caichuanwang/Documents/GitHub/bookManagerSystem/api/controller/bookList.go:120","func":"bookManagerSystem/api/controller.QueryBookListList","level":"info","msg":"查询书单一次","time":"2022-05-27 13:30:11"}
{"UserName":"admin","file":"/Users/caichuanwang/Documents/GitHub/bookManagerSystem/api/controller/bookList.go:120","func":"bookManagerSystem/api/controller.QueryBookListList","level":"info","msg":"查询书单一次","time":"2022-05-27 13:30:14"}
{"UserName":"admin","file":"/Users/caichuanwang/Documents/GitHub/bookManagerSystem/api/controller/bookList.go:38","func":"bookManagerSystem/api/controller.QueryBookListOptions","level":"info","msg":"查询书单一次","time":"2022-05-27 13:30:15"}
{"UserName":"admin","file":"/Users/caichuanwang/Documents/GitHub/bookManagerSystem/api/controller/bookList.go:38","func":"bookManagerSystem/api/controller.QueryBookListOptions","level":"info","msg":"查询书单一次","time":"2022-05-27 13:30:16"}
{"UserName":"admin","file":"/Users/caichuanwang/Documents/GitHub/bookManagerSystem/api/controller/bookList.go:38","func":"bookManagerSystem/api/controller.QueryBookListOptions","level":"info","msg":"查询书单一次","time":"2022-05-27 13:30:40"}
{"UserName":"admin","file":"/Users/caichuanwang/Documents/GitHub/bookManagerSystem/api/controller/bookList.go:38","func":"bookManagerSystem/api/controller.QueryBookListOptions","level":"info","msg":"查询书单一次","time":"2022-05-27 15:24:55"}
{"UserName":"admin","file":"/Users/caichuanwang/Documents/GitHub/bookManagerSystem/api/controller/bookList.go:38","func":"bookManagerSystem/api/controller.QueryBookListOptions","level":"info","msg":"查询书单一次","time":"2022-10-25 11:12:31"}
{"UserName":"admin","file":"/Users/caichuanwang/Documents/GitHub/bookManagerSystem/api/controller/bookList.go:120","func":"bookManagerSystem/api/controller.QueryBookListList","level":"info","msg":"查询书单一次","time":"2022-10-25 11:12:40"}
{"UserName":"admin","file":"/Users/caichuanwang/Documents/GitHub/bookManagerSystem/api/controller/bookList.go:120","func":"bookManagerSystem/api/controller.QueryBookListList","level":"info","msg":"查询书单一次","time":"2022-10-25 11:13:04"}
{"UserName":"admin","file":"/Users/caichuanwang/Documents/GitHub/bookManagerSystem/api/controller/bookList.go:120","func":"bookManagerSystem/api/controller.QueryBookListList","level":"info","msg":"查询书单一次","time":"2022-10-25 11:13:10"}
{"UserName":"admin","file":"/Users/caichuanwang/Documents/GitHub/bookManagerSystem/api/controller/bookList.go:120","func":"bookManagerSystem/api/controller.QueryBookListList","level":"info","msg":"查询书单一次","time":"2022-10-25 11:13:15"}
{"UserName":"admin","file":"/Users/caichuanwang/Documents/GitHub/bookManagerSystem/api/controller/bookList.go:120","func":"bookManagerSystem/api/controller.QueryBookListList","level":"info","msg":"查询书单一次","time":"2022-10-25 11:33:13"}
{"UserName":"admin","file":"/Users/caichuanwang/Documents/GitHub/bookManagerSystem/api/controller/bookList.go:38","func":"bookManagerSystem/api/controller.QueryBookListOptions","level":"info","msg":"查询书单一次","time":"2022-10-26 16:28:07"}
{"UserName":"admin","file":"/Users/caichuanwang/Documents/GitHub/bookManagerSystem/api/controller/bookList.go:38","func":"bookManagerSystem/api/controller.QueryBookListOptions","level":"info","msg":"查询书单一次","time":"2022-10-26 16:28:20"}
{"UserName":"admin","file":"/Users/caichuanwang/Documents/GitHub/bookManagerSystem/api/controller/bookList.go:38","func":"bookManagerSystem/api/controller.QueryBookListOptions","level":"info","msg":"查询书单一次","time":"2022-10-26 16:28:21"}
{"UserName":"admin","file":"/Users/caichuanwang/Documents/GitHub/bookManagerSystem/api/controller/bookList.go:38","func":"bookManagerSystem/api/controller.QueryBookListOptions","level":"info","msg":"查询书单一次","time":"2022-10-26 16:28:40"}
{"UserName":"admin","file":"/Users/caichuanwang/Documents/GitHub/bookManagerSystem/api/controller/bookList.go:38","func":"bookManagerSystem/api/controller.QueryBookListOptions","level":"info","msg":"查询书单一次","time":"2022-10-26 16:28:44"}
{"UserName":"admin","file":"/Users/caichuanwang/Documents/GitHub/bookManagerSystem/api/controller/bookList.go:38","func":"bookManagerSystem/api/controller.QueryBookListOptions","level":"info","msg":"查询书单一次","time":"2022-10-26 16:28:49"}
{"UserName":"admin","file":"/Users/caichuanwang/Documents/GitHub/bookManagerSystem/api/controller/bookList.go:38","func":"bookManagerSystem/api/controller.QueryBookListOptions","level":"info","msg":"查询书单一次","time":"2022-10-26 16:28:51"}
{"UserName":"admin","file":"/Users/caichuanwang/Documents/GitHub/bookManagerSystem/api/controller/bookList.go:38","func":"bookManagerSystem/api/controller.QueryBookListOptions","level":"info","msg":"查询书单一次","time":"2022-10-26 16:34:05"}
{"UserName":"admin","file":"/Users/caichuanwang/Documents/GitHub/bookManagerSystem/api/controller/bookList.go:38","func":"bookManagerSystem/api/controller.QueryBookListOptions","level":"info","msg":"查询书单一次","time":"2022-10-26 16:34:19"}
{"UserName":"admin","file":"/Users/caichuanwang/Documents/GitHub/bookManagerSystem/api/controller/bookList.go:38","func":"bookManagerSystem/api/controller.QueryBookListOptions","level":"info","msg":"查询书单一次","time":"2022-10-26 16:34:26"}
{"UserName":"admin","file":"/Users/caichuanwang/Documents/GitHub/bookManagerSystem/api/controller/bookList.go:38","func":"bookManagerSystem/api/controller.QueryBookListOptions","level":"info","msg":"查询书单一次","time":"2022-10-26 16:34:28"}
{"UserName":"admin","file":"/Users/caichuanwang/Documents/GitHub/bookManagerSystem/api/controller/bookList.go:38","func":"bookManagerSystem/api/controller.QueryBookListOptions","level":"info","msg":"查询书单一次","time":"2022-10-26 16:34:29"}
{"UserName":"admin","file":"/Users/caichuanwang/Documents/GitHub/bookManagerSystem/api/controller/bookList.go:38","func":"bookManagerSystem/api/controller.QueryBookListOptions","level":"info","msg":"查询书单一次","time":"2022-10-26 16:34:34"}
{"UserName":"admin","file":"/Users/caichuanwang/Documents/GitHub/bookManagerSystem/api/controller/bookList.go:38","func":"bookManagerSystem/api/controller.QueryBookListOptions","level":"info","msg":"查询书单一次","time":"2022-10-26 16:35:06"}
{"UserName":"admin","file":"/Users/caichuanwang/Documents/GitHub/bookManagerSystem/api/controller/bookList.go:38","func":"bookManagerSystem/api/controller.QueryBookListOptions","level":"info","msg":"查询书单一次","time":"2022-10-26 16:38:13"}
{"UserName":"admin","file":"/Users/caichuanwang/Documents/GitHub/bookManagerSystem/api/controller/bookList.go:120","func":"bookManagerSystem/api/controller.QueryBookListList","level":"info","msg":"查询书单一次","time":"2022-10-26 16:38:56"}
{"UserName":"admin","file":"/Users/caichuanwang/Documents/GitHub/bookManagerSystem/api/controller/bookList.go:73","func":"bookManagerSystem/api/controller.SetBook2BookList","level":"info","msg":"添加书籍资治通鉴到书单元曲集合成功","time":"2022-10-26 16:42:02"}
{"UserName":"admin","file":"/Users/caichuanwang/Documents/GitHub/bookManagerSystem/api/controller/bookList.go:73","func":"bookManagerSystem/api/controller.SetBook2BookList","level":"info","msg":"添加书籍资治通鉴到书单元曲集合成功","time":"2022-10-26 16:42:14"}
{"UserName":"admin","file":"/Users/caichuanwang/Documents/GitHub/bookManagerSystem/api/controller/bookList.go:73","func":"bookManagerSystem/api/controller.SetBook2BookList","level":"info","msg":"添加书籍资治通鉴到书单元曲集合成功","time":"2022-10-26 16:42:22"}
{"UserName":"admin","file":"/Users/caichuanwang/Documents/GitHub/bookManagerSystem/api/controller/bookList.go:38","func":"bookManagerSystem/api/controller.QueryBookListOptions","level":"info","msg":"查询书单一次","time":"2022-10-26 16:42:33"}
{"UserName":"admin","file":"/Users/caichuanwang/Documents/GitHub/bookManagerSystem/api/controller/bookList.go:38","func":"bookManagerSystem/api/controller.QueryBookListOptions","level":"info","msg":"查询书单一次","time":"2022-10-26 17:01:12"}
{"UserName":"admin","file":"/Users/caichuanwang/Documents/GitHub/bookManagerSystem/api/controller/bookList.go:120","func":"bookManagerSystem/api/controller.QueryBookListList","level":"info","msg":"查询书单一次","time":"2022-10-26 17:01:18"}
{"UserName":"admin","file":"/Users/caichuanwang/Documents/GitHub/bookManagerSystem/api/controller/bookList.go:73","func":"bookManagerSystem/api/controller.SetBook2BookList","level":"info","msg":"添加书籍资本论到书单冰心书籍成功","time":"2022-10-26 17:01:31"}
{"UserName":"admin","file":"/Users/caichuanwang/Documents/GitHub/bookManagerSystem/api/controller/bookList.go:38","func":"bookManagerSystem/api/controller.QueryBookListOptions","level":"info","msg":"查询书单一次","time":"2022-10-26 17:02:46"}
{"UserName":"admin","file":"/Users/caichuanwang/Documents/GitHub/bookManagerSystem/api/controller/bookList.go:38","func":"bookManagerSystem/api/controller.QueryBookListOptions","level":"info","msg":"查询书单一次","time":"2022-10-26 17:03:41"}
{"UserName":"admin","file":"/Users/caichuanwang/Documents/GitHub/bookManagerSystem/api/controller/bookList.go:38","func":"bookManagerSystem/api/controller.QueryBookListOptions","level":"info","msg":"查询书单一次","time":"2022-10-26 17:03:44"}
{"UserName":"admin","file":"/Users/caichuanwang/Documents/GitHub/bookManagerSystem/api/controller/bookList.go:73","func":"bookManagerSystem/api/controller.SetBook2BookList","level":"info","msg":"添加书籍中国军事著作到书单宋词集合成功","time":"2022-10-26 17:03:56"}
{"UserName":"admin","file":"/Users/caichuanwang/Documents/GitHub/bookManagerSystem/api/controller/bookList.go:73","func":"bookManagerSystem/api/controller.SetBook2BookList","level":"info","msg":"添加书籍资本论到书单宋词集合成功","time":"2022-10-26 17:09:00"}
{"UserName":"admin","file":"/Users/caichuanwang/Documents/GitHub/bookManagerSystem/api/controller/bookList.go:73","func":"bookManagerSystem/api/controller.SetBook2BookList","level":"info","msg":"添加书籍资治通鉴到书单宋词集合成功","time":"2022-10-26 17:14:41"}
{"UserName":"admin","file":"/Users/caichuanwang/Documents/GitHub/bookManagerSystem/api/controller/bookList.go:38","func":"bookManagerSystem/api/controller.QueryBookListOptions","level":"info","msg":"查询书单一次","time":"2022-10-26 17:15:33"}
{"UserName":"admin","file":"/Users/caichuanwang/Documents/GitHub/bookManagerSystem/api/controller/bookList.go:73","func":"bookManagerSystem/api/controller.SetBook2BookList","level":"info","msg":"添加书籍中国军事著作到书单冰心书籍,莫言的书,大冰的书,唐诗,宋词集合,元曲集合,会记录在log中的书单成功","time":"2022-10-26 17:15:52"}
{"UserName":"admin","file":"/Users/caichuanwang/Documents/GitHub/bookManagerSystem/api/controller/bookList.go:38","func":"bookManagerSystem/api/controller.QueryBookListOptions","level":"info","msg":"查询书单一次","time":"2022-10-26 17:17:30"}
{"UserName":"admin","file":"/Users/caichuanwang/Documents/GitHub/bookManagerSystem/api/controller/bookList.go:38","func":"bookManagerSystem/api/controller.QueryBookListOptions","level":"info","msg":"查询书单一次","time":"2022-10-26 17:18:35"}
{"UserName":"admin","file":"/Users/caichuanwang/Documents/GitHub/bookManagerSystem/api/controller/bookList.go:38","func":"bookManagerSystem/api/controller.QueryBookListOptions","level":"info","msg":"查询书单一次","time":"2022-10-26 17:18:37"}
{"UserName":"admin","file":"/Users/caichuanwang/Documents/GitHub/bookManagerSystem/api/controller/bookList.go:38","func":"bookManagerSystem/api/controller.QueryBookListOptions","level":"info","msg":"查询书单一次","time":"2022-10-26 17:18:59"}
{"UserName":"admin","file":"/Users/caichuanwang/Documents/GitHub/bookManagerSystem/api/controller/bookList.go:73","func":"bookManagerSystem/api/controller.SetBook2BookList","level":"info","msg":"添加书籍中国军事著作到书单元曲集合,会记录在log中的书单成功","time":"2022-10-26 17:19:08"}
{"UserName":"admin","file":"/Users/caichuanwang/Documents/GitHub/bookManagerSystem/api/controller/bookList.go:38","func":"bookManagerSystem/api/controller.QueryBookListOptions","level":"info","msg":"查询书单一次","time":"2022-10-26 17:19:11"}
{"UserName":"admin","file":"/Users/caichuanwang/Documents/GitHub/bookManagerSystem/api/controller/bookList.go:38","func":"bookManagerSystem/api/controller.QueryBookListOptions","level":"info","msg":"查询书单一次","time":"2022-10-26 17:19:17"}
{"UserName":"admin","file":"/Users/caichuanwang/Documents/GitHub/bookManagerSystem/api/controller/bookList.go:38","func":"bookManagerSystem/api/controller.QueryBookListOptions","level":"info","msg":"查询书单一次","time":"2022-10-26 17:19:24"}
{"UserName":"admin","file":"/Users/caichuanwang/Documents/GitHub/bookManagerSystem/api/controller/bookList.go:38","func":"bookManagerSystem/api/controller.QueryBookListOptions","level":"info","msg":"查询书单一次","time":"2022-10-26 17:19:32"}
{"UserName":"admin","file":"/Users/caichuanwang/Documents/GitHub/bookManagerSystem/api/controller/bookList.go:73","func":"bookManagerSystem/api/controller.SetBook2BookList","level":"info","msg":"添加书籍中国军事著作到书单唐诗,宋词集合,元曲集合,会记录在log中的书单成功","time":"2022-10-26 17:19:39"}
{"UserName":"admin","file":"/Users/caichuanwang/Documents/GitHub/bookManagerSystem/api/controller/bookList.go:38","func":"bookManagerSystem/api/controller.QueryBookListOptions","level":"info","msg":"查询书单一次","time":"2022-10-26 17:19:54"}
{"UserName":"admin","file":"/Users/caichuanwang/Documents/GitHub/bookManagerSystem/api/controller/bookList.go:38","func":"bookManagerSystem/api/controller.QueryBookListOptions","level":"info","msg":"查询书单一次","time":"2022-10-26 17:26:49"}
{"UserName":"admin","file":"/Users/caichuanwang/Documents/GitHub/bookManagerSystem/api/controller/bookList.go:38","func":"bookManagerSystem/api/controller.QueryBookListOptions","level":"info","msg":"查询书单一次","time":"2022-10-26 17:30:57"}
{"UserName":"admin","file":"/Users/caichuanwang/Documents/GitHub/bookManagerSystem/api/controller/bookList.go:38","func":"bookManagerSystem/api/controller.QueryBookListOptions","level":"info","msg":"查询书单一次","time":"2022-10-26 17:31:19"}
{"UserName":"admin","file":"/Users/caichuanwang/Documents/GitHub/bookManagerSystem/api/controller/bookList.go:38","func":"bookManagerSystem/api/controller.QueryBookListOptions","level":"info","msg":"查询书单一次","time":"2022-10-26 17:31:37"}
{"UserName":"admin","file":"/Users/caichuanwang/Documents/GitHub/bookManagerSystem/api/controller/bookList.go:38","func":"bookManagerSystem/api/controller.QueryBookListOptions","level":"info","msg":"查询书单一次","time":"2022-10-26 17:35:24"}
{"UserName":"admin","file":"/Users/caichuanwang/Documents/GitHub/bookManagerSystem/api/controller/bookList.go:38","func":"bookManagerSystem/api/controller.QueryBookListOptions","level":"info","msg":"查询书单一次","time":"2022-10-26 17:35:58"}
{"UserName":"admin","file":"/Users/caichuanwang/Documents/GitHub/bookManagerSystem/api/controller/bookList.go:38","func":"bookManagerSystem/api/controller.QueryBookListOptions","level":"info","msg":"查询书单一次","time":"2022-10-26 17:36:09"}
{"UserName":"admin","file":"/Users/caichuanwang/Documents/GitHub/bookManagerSystem/api/controller/bookList.go:38","func":"bookManagerSystem/api/controller.QueryBookListOptions","level":"info","msg":"查询书单一次","time":"2022-10-26 17:36:25"}
{"UserName":"admin","file":"/Users/caichuanwang/Documents/GitHub/bookManagerSystem/api/controller/bookList.go:38","func":"bookManagerSystem/api/controller.QueryBookListOptions","level":"info","msg":"查询书单一次","time":"2022-10-26 17:36:37"}
{"UserName":"admin","file":"/Users/caichuanwang/Documents/GitHub/bookManagerSystem/api/controller/bookList.go:38","func":"bookManagerSystem/api/controller.QueryBookListOptions","level":"info","msg":"查询书单一次","time":"2022-10-26 17:36:41"}
{"UserName":"admin","file":"/Users/caichuanwang/Documents/GitHub/bookManagerSystem/api/controller/bookList.go:38","func":"bookManagerSystem/api/controller.QueryBookListOptions","level":"info","msg":"查询书单一次","time":"2022-10-26 17:36:53"}
{"UserName":"admin","file":"/Users/caichuanwang/Documents/GitHub/bookManagerSystem/api/controller/bookList.go:38","func":"bookManagerSystem/api/controller.QueryBookListOptions","level":"info","msg":"查询书单一次","time":"2022-10-26 17:44:07"}
{"UserName":"admin","file":"/Users/caichuanwang/Documents/GitHub/bookManagerSystem/api/controller/bookList.go:38","func":"bookManagerSystem/api/controller.QueryBookListOptions","level":"info","msg":"查询书单一次","time":"2022-10-26 17:46:12"}
{"UserName":"admin","file":"/Users/caichuanwang/Documents/GitHub/bookManagerSystem/api/controller/bookList.go:38","func":"bookManagerSystem/api/controller.QueryBookListOptions","level":"info","msg":"查询书单一次","time":"2022-10-26 17:46:17"}
{"UserName":"admin","file":"/Users/caichuanwang/Documents/GitHub/bookManagerSystem/api/controller/bookList.go:38","func":"bookManagerSystem/api/controller.QueryBookListOptions","level":"info","msg":"查询书单一次","time":"2022-10-26 17:46:58"}
{"UserName":"admin","file":"/Users/caichuanwang/Documents/GitHub/bookManagerSystem/api/controller/bookList.go:38","func":"bookManagerSystem/api/controller.QueryBookListOptions","level":"info","msg":"查询书单一次","time":"2022-10-26 17:50:03"}
{"UserName":"admin","file":"/Users/caichuanwang/Documents/GitHub/bookManagerSystem/api/controller/bookList.go:38","func":"bookManagerSystem/api/controller.QueryBookListOptions","level":"info","msg":"查询书单一次","time":"2022-10-26 17:52:57"}
{"UserName":"admin","file":"/Users/caichuanwang/Documents/GitHub/bookManagerSystem/api/controller/bookList.go:38","func":"bookManagerSystem/api/controller.QueryBookListOptions","level":"info","msg":"查询书单一次","time":"2022-10-26 17:53:14"}
{"UserName":"admin","file":"/Users/caichuanwang/Documents/GitHub/bookManagerSystem/api/controller/bookList.go:38","func":"bookManagerSystem/api/controller.QueryBookListOptions","level":"info","msg":"查询书单一次","time":"2022-10-26 17:53:46"}
{"UserName":"admin","file":"/Users/caichuanwang/Documents/GitHub/bookManagerSystem/api/controller/bookList.go:38","func":"bookManagerSystem/api/controller.QueryBookListOptions","level":"info","msg":"查询书单一次","time":"2022-10-26 17:56:04"}
{"UserName":"admin","file":"/Users/caichuanwang/Documents/GitHub/bookManagerSystem/api/controller/bookList.go:120","func":"bookManagerSystem/api/controller.QueryBookListList","level":"info","msg":"查询书单一次","time":"2022-10-26 17:58:55"}
{"UserName":"admin","file":"/Users/caichuanwang/Documents/GitHub/bookManagerSystem/api/controller/bookList.go:38","func":"bookManagerSystem/api/controller.QueryBookListOptions","level":"info","msg":"查询书单一次","time":"2022-10-26 17:59:07"}
{"UserName":"admin","file":"/Users/caichuanwang/Documents/GitHub/bookManagerSystem/api/controller/bookList.go:38","func":"bookManagerSystem/api/controller.QueryBookListOptions","level":"info","msg":"查询书单一次","time":"2022-10-26 18:00:45"}
{"UserName":"admin","file":"/Users/caichuanwang/Documents/GitHub/bookManagerSystem/api/controller/bookList.go:38","func":"bookManagerSystem/api/controller.QueryBookListOptions","level":"info","msg":"查询书单一次","time":"2022-10-26 18:01:25"}
{"UserName":"admin","file":"/Users/caichuanwang/Documents/GitHub/bookManagerSystem/api/controller/bookList.go:38","func":"bookManagerSystem/api/controller.QueryBookListOptions","level":"info","msg":"查询书单一次","time":"2022-10-26 18:02:14"}
{"UserName":"admin","file":"/Users/caichuanwang/Documents/GitHub/bookManagerSystem/api/controller/bookList.go:38","func":"bookManagerSystem/api/controller.QueryBookListOptions","level":"info","msg":"查询书单一次","time":"2022-10-26 18:02:26"}
{"UserName":"admin","file":"/Users/caichuanwang/Documents/GitHub/bookManagerSystem/api/controller/bookList.go:38","func":"bookManagerSystem/api/controller.QueryBookListOptions","level":"info","msg":"查询书单一次","time":"2022-10-26 18:37:19"}
{"UserName":"admin","file":"/Users/caichuanwang/Documents/GitHub/bookManagerSystem/api/controller/bookList.go:38","func":"bookManagerSystem/api/controller.QueryBookListOptions","level":"info","msg":"查询书单一次","time":"2022-10-26 18:38:02"}
{"UserName":"admin","file":"/Users/caichuanwang/Documents/GitHub/bookManagerSystem/api/controller/bookList.go:38","func":"bookManagerSystem/api/controller.QueryBookListOptions","level":"info","msg":"查询书单一次","time":"2022-10-26 18:38:22"}
{"UserName":"admin","file":"/Users/caichuanwang/Documents/GitHub/bookManagerSystem/api/controller/bookList.go:38","func":"bookManagerSystem/api/controller.QueryBookListOptions","level":"info","msg":"查询书单一次","time":"2022-10-26 18:49:23"}
{"UserName":"admin","file":"/Users/caichuanwang/Documents/GitHub/bookManagerSystem/api/controller/bookList.go:38","func":"bookManagerSystem/api/controller.QueryBookListOptions","level":"info","msg":"查询书单一次","time":"2022-10-26 18:49:31"}
{"UserName":"admin","file":"/Users/caichuanwang/Documents/GitHub/bookManagerSystem/api/controller/bookList.go:38","func":"bookManagerSystem/api/controller.QueryBookListOptions","level":"info","msg":"查询书单一次","time":"2022-10-26 18:49:42"}
{"UserName":"admin","file":"/Users/caichuanwang/Documents/GitHub/bookManagerSystem/api/controller/bookList.go:38","func":"bookManagerSystem/api/controller.QueryBookListOptions","level":"info","msg":"查询书单一次","time":"2022-10-26 18:49:48"}
{"UserName":"admin","file":"/Users/caichuanwang/Documents/GitHub/bookManagerSystem/api/controller/bookList.go:38","func":"bookManagerSystem/api/controller.QueryBookListOptions","level":"info","msg":"查询书单一次","time":"2022-10-26 18:49:53"}
{"UserName":"admin","file":"/Users/caichuanwang/Documents/GitHub/bookManagerSystem/api/controller/bookList.go:38","func":"bookManagerSystem/api/controller.QueryBookListOptions","level":"info","msg":"查询书单一次","time":"2022-10-26 18:49:57"}
{"UserName":"admin","file":"/Users/caichuanwang/Documents/GitHub/bookManagerSystem/api/controller/bookList.go:38","func":"bookManagerSystem/api/controller.QueryBookListOptions","level":"info","msg":"查询书单一次","time":"2022-10-26 18:50:22"}
{"UserName":"admin","file":"/Users/caichuanwang/Documents/GitHub/bookManagerSystem/api/controller/bookList.go:38","func":"bookManagerSystem/api/controller.QueryBookListOptions","level":"info","msg":"查询书单一次","time":"2022-10-26 18:50:39"}
{"UserName":"admin","file":"/Users/caichuanwang/Documents/GitHub/bookManagerSystem/api/controller/bookList.go:38","func":"bookManagerSystem/api/controller.QueryBookListOptions","level":"info","msg":"查询书单一次","time":"2022-10-26 18:50:52"}
{"UserName":"admin","file":"/Users/caichuanwang/Documents/GitHub/bookManagerSystem/api/controller/bookList.go:38","func":"bookManagerSystem/api/controller.QueryBookListOptions","level":"info","msg":"查询书单一次","time":"2022-10-26 18:50:57"}
{"UserName":"admin","file":"/Users/caichuanwang/Documents/GitHub/bookManagerSystem/api/controller/bookList.go:38","func":"bookManagerSystem/api/controller.QueryBookListOptions","level":"info","msg":"查询书单一次","time":"2022-10-26 18:51:09"}
{"UserName":"admin","file":"/Users/caichuanwang/Documents/GitHub/bookManagerSystem/api/controller/bookList.go:38","func":"bookManagerSystem/api/controller.QueryBookListOptions","level":"info","msg":"查询书单一次","time":"2022-10-26 18:51:19"}
{"UserName":"admin","file":"/Users/caichuanwang/Documents/GitHub/bookManagerSystem/api/controller/bookList.go:38","func":"bookManagerSystem/api/controller.QueryBookListOptions","level":"info","msg":"查询书单一次","time":"2022-10-26 18:52:29"}
{"UserName":"admin","file":"/Users/caichuanwang/Documents/GitHub/bookManagerSystem/api/controller/bookList.go:38","func":"bookManagerSystem/api/controller.QueryBookListOptions","level":"info","msg":"查询书单一次","time":"2022-10-26 18:52:43"}
{"UserName":"admin","file":"/Users/caichuanwang/Documents/GitHub/bookManagerSystem/api/controller/bookList.go:38","func":"bookManagerSystem/api/controller.QueryBookListOptions","level":"info","msg":"查询书单一次","time":"2022-10-26 18:53:06"}
{"UserName":"admin","file":"/Users/caichuanwang/Documents/GitHub/bookManagerSystem/api/controller/bookList.go:38","func":"bookManagerSystem/api/controller.QueryBookListOptions","level":"info","msg":"查询书单一次","time":"2022-10-26 18:53:32"}
{"UserName":"admin","file":"/Users/caichuanwang/Documents/GitHub/bookManagerSystem/api/controller/bookList.go:38","func":"bookManagerSystem/api/controller.QueryBookListOptions","level":"info","msg":"查询书单一次","time":"2022-10-26 18:53:35"}
{"UserName":"admin","file":"/Users/caichuanwang/Documents/GitHub/bookManagerSystem/api/controller/bookList.go:38","func":"bookManagerSystem/api/controller.QueryBookListOptions","level":"info","msg":"查询书单一次","time":"2022-10-26 18:53:42"}
{"UserName":"admin","file":"/Users/caichuanwang/Documents/GitHub/bookManagerSystem/api/controller/bookList.go:38","func":"bookManagerSystem/api/controller.QueryBookListOptions","level":"info","msg":"查询书单一次","time":"2022-10-26 18:53:58"}
{"UserName":"admin","file":"/Users/caichuanwang/Documents/GitHub/bookManagerSystem/api/controller/bookList.go:38","func":"bookManagerSystem/api/controller.QueryBookListOptions","level":"info","msg":"查询书单一次","time":"2022-10-26 18:54:43"}
{"UserName":"admin","file":"/Users/caichuanwang/Documents/GitHub/bookManagerSystem/api/controller/bookList.go:38","func":"bookManagerSystem/api/controller.QueryBookListOptions","level":"info","msg":"查询书单一次","time":"2022-10-26 18:54:46"}
{"UserName":"admin","file":"/Users/caichuanwang/Documents/GitHub/bookManagerSystem/api/controller/bookList.go:38","func":"bookManagerSystem/api/controller.QueryBookListOptions","level":"info","msg":"查询书单一次","time":"2022-10-26 18:54:56"}
{"UserName":"admin","file":"/Users/caichuanwang/Documents/GitHub/bookManagerSystem/api/controller/bookList.go:38","func":"bookManagerSystem/api/controller.QueryBookListOptions","level":"info","msg":"查询书单一次","time":"2022-10-26 18:55:02"}
{"UserName":"admin","file":"/Users/caichuanwang/Documents/GitHub/bookManagerSystem/api/controller/bookList.go:38","func":"bookManagerSystem/api/controller.QueryBookListOptions","level":"info","msg":"查询书单一次","time":"2022-10-26 18:55:15"}
{"UserName":"admin","file":"/Users/caichuanwang/Documents/GitHub/bookManagerSystem/api/controller/bookList.go:38","func":"bookManagerSystem/api/controller.QueryBookListOptions","level":"info","msg":"查询书单一次","time":"2022-10-26 18:55:23"}
{"UserName":"admin","file":"/Users/caichuanwang/Documents/GitHub/bookManagerSystem/api/controller/bookList.go:38","func":"bookManagerSystem/api/controller.QueryBookListOptions","level":"info","msg":"查询书单一次","time":"2022-10-26 18:57:41"}
{"UserName":"admin","file":"/Users/caichuanwang/Documents/GitHub/bookManagerSystem/api/controller/bookList.go:38","func":"bookManagerSystem/api/controller.QueryBookListOptions","level":"info","msg":"查询书单一次","time":"2022-10-26 22:00:57"}
{"UserName":"admin","file":"/Users/caichuanwang/Documents/GitHub/bookManagerSystem/api/controller/bookList.go:38","func":"bookManagerSystem/api/controller.QueryBookListOptions","level":"info","msg":"查询书单一次","time":"2022-10-27 18:49:11"}
{"UserName":"admin","file":"/Users/caichuanwang/Documents/GitHub/bookManagerSystem/api/controller/bookList.go:38","func":"bookManagerSystem/api/controller.QueryBookListOptions","level":"info","msg":"查询书单一次","time":"2022-10-27 18:49:58"}
{"UserName":"admin","file":"/Users/caichuanwang/Documents/GitHub/bookManagerSystem/api/controller/bookList.go:38","func":"bookManagerSystem/api/controller.QueryBookListOptions","level":"info","msg":"查询书单一次","time":"2022-10-27 19:07:27"}
{"UserName":"admin","file":"/Users/caichuanwang/Documents/GitHub/bookManagerSystem/api/controller/bookList.go:38","func":"bookManagerSystem/api/controller.QueryBookListOptions","level":"info","msg":"查询书单一次","time":"2022-10-27 19:07:42"}
{"UserName":"admin","file":"/Users/caichuanwang/Documents/GitHub/bookManagerSystem/api/controller/bookList.go:38","func":"bookManagerSystem/api/controller.QueryBookListOptions","level":"info","msg":"查询书单一次","time":"2022-10-27 19:28:01"}
{"UserName":"admin","file":"/Users/caichuanwang/Documents/GitHub/bookManagerSystem/api/controller/bookList.go:38","func":"bookManagerSystem/api/controller.QueryBookListOptions","level":"info","msg":"查询书单一次","time":"2022-10-27 19:42:34"}
{"UserName":"admin","file":"/Users/caichuanwang/Documents/GitHub/bookManagerSystem/api/controller/bookList.go:38","func":"bookManagerSystem/api/controller.QueryBookListOptions","level":"info","msg":"查询书单一次","time":"2022-10-27 19:53:59"}
{"UserName":"admin","file":"/Users/caichuanwang/Documents/GitHub/bookManagerSystem/api/controller/bookList.go:38","func":"bookManagerSystem/api/controller.QueryBookListOptions","level":"info","msg":"查询书单一次","time":"2022-10-27 19:54:02"}
{"UserName":"admin","file":"/Users/caichuanwang/Documents/GitHub/bookManagerSystem/api/controller/bookList.go:38","func":"bookManagerSystem/api/controller.QueryBookListOptions","level":"info","msg":"查询书单一次","time":"2022-10-27 20:11:24"}
{"UserName":"admin","file":"/Users/caichuanwang/Documents/GitHub/bookManagerSystem/api/controller/bookList.go:38","func":"bookManagerSystem/api/controller.QueryBookListOptions","level":"info","msg":"查询书单一次","time":"2022-10-27 23:10:19"}
{"UserName":"admin","file":"/Users/caichuanwang/Documents/GitHub/bookManagerSystem/api/controller/bookList.go:38","func":"bookManagerSystem/api/controller.QueryBookListOptions","level":"info","msg":"查询书单一次","time":"2022-10-31 20:56:07"}
{"UserName":"admin","file":"/Users/caichuanwang/Documents/GitHub/bookManagerSystem/api/controller/bookList.go:38","func":"bookManagerSystem/api/controller.QueryBookListOptions","level":"info","msg":"查询书单一次","time":"2022-10-31 21:05:50"}
{"UserName":"admin","file":"/Users/caichuanwang/Documents/GitHub/bookManagerSystem/api/controller/bookList.go:38","func":"bookManagerSystem/api/controller.QueryBookListOptions","level":"info","msg":"查询书单一次","time":"2022-11-02 16:30:55"}
{"UserName":"admin","file":"/Users/caichuanwang/Documents/GitHub/bookManagerSystem/api/controller/bookList.go:120","func":"bookManagerSystem/api/controller.QueryBookListList","level":"info","msg":"查询书单一次","time":"2022-11-02 16:31:23"}
{"UserName":"admin","file":"/Users/caichuanwang/Documents/GitHub/bookManagerSystem/api/controller/bookList.go:38","func":"bookManagerSystem/api/controller.QueryBookListOptions","level":"info","msg":"查询书单一次","time":"2022-11-02 17:13:36"}
{"UserName":"admin","file":"/Users/caichuanwang/Documents/GitHub/bookManagerSystem/api/controller/bookList.go:120","func":"bookManagerSystem/api/controller.QueryBookListList","level":"info","msg":"查询书单一次","time":"2022-11-02 17:24:00"}
{"UserName":"admin","file":"/Users/caichuanwang/Documents/GitHub/bookManagerSystem/api/controller/bookList.go:38","func":"bookManagerSystem/api/controller.QueryBookListOptions","level":"info","msg":"查询书单一次","time":"2022-11-02 17:31:51"}
{"UserName":"admin","file":"/Users/caichuanwang/Documents/GitHub/bookManagerSystem/api/controller/bookList.go:38","func":"bookManagerSystem/api/controller.QueryBookListOptions","level":"info","msg":"查询书单一次","time":"2022-11-02 17:32:10"}
{"UserName":"admin","file":"/Users/caichuanwang/Documents/GitHub/bookManagerSystem/api/controller/bookList.go:120","func":"bookManagerSystem/api/controller.QueryBookListList","level":"info","msg":"查询书单一次","time":"2022-11-02 17:32:14"}
{"UserName":"admin","file":"/Users/caichuanwang/Documents/GitHub/bookManagerSystem/api/controller/bookList.go:38","func":"bookManagerSystem/api/controller.QueryBookListOptions","level":"info","msg":"查询书单一次","time":"2022-11-02 17:32:55"}
{"UserName":"admin","file":"/Users/caichuanwang/Documents/GitHub/bookManagerSystem/api/controller/bookList.go:38","func":"bookManagerSystem/api/controller.QueryBookListOptions","level":"info","msg":"查询书单一次","time":"2022-11-02 17:39:50"}
{"UserName":"admin","file":"/Users/caichuanwang/Documents/GitHub/bookManagerSystem/api/controller/bookList.go:38","func":"bookManagerSystem/api/controller.QueryBookListOptions","level":"info","msg":"查询书单一次","time":"2022-11-02 17:50:31"}
{"UserName":"admin","file":"/Users/caichuanwang/Documents/GitHub/bookManagerSystem/api/controller/bookList.go:38","func":"bookManagerSystem/api/controller.QueryBookListOptions","level":"info","msg":"查询书单一次","time":"2022-12-05 21:48:51"}
{"UserName":"admin","file":"/Users/caichuanwang/Documents/GitHub/bookManagerSystem/api/controller/bookList.go:120","func":"bookManagerSystem/api/controller.QueryBookListList","level":"info","msg":"查询书单一次","time":"2022-12-05 21:48:59"}
{"UserName":"admin","file":"/Users/caichuanwang/Documents/GitHub/bookManagerSystem/api/controller/bookList.go:38","func":"bookManagerSystem/api/controller.QueryBookListOptions","level":"info","msg":"查询书单一次","time":"2022-12-05 22:15:15"}
{"UserName":"admin","file":"/Users/caichuanwang/Documents/GitHub/bookManagerSystem/api/controller/bookList.go:38","func":"bookManagerSystem/api/controller.QueryBookListOptions","level":"info","msg":"查询书单一次","time":"2022-12-06 10:13:05"}
{"UserName":"admin","file":"/Users/caichuanwang/Documents/GitHub/bookManagerSystem/api/controller/bookList.go:38","func":"bookManagerSystem/api/controller.QueryBookListOptions","level":"info","msg":"查询书单一次","time":"2022-12-07 16:51:30"}
